<?xml version="1.0" encoding="UTF-8"?>
<testsuite xmlns:xsi="http://www.w3.org/2001/XMLSchema-instance" xsi:noNamespaceSchemaLocation="https://maven.apache.org/surefire/maven-surefire-plugin/xsd/surefire-test-report-3.0.xsd" version="3.0" name="com.javatechie.SpringBootEksApplicationTests" time="2.314" tests="1" errors="0" skipped="0" failures="0">
  <properties>
[...]
</properties>
  <testcase name="contextLoads" classname="com.javatechie.SpringBootEksApplicationTests" time="0.878">
    <system-out><![CDATA[16:21:44.425 [main] INFO org.springframework.test.context.support.AnnotationConfigContextLoaderUtils -- Could not detect default configuration classes for test class [com.javatechie.SpringBootEksApplicationTests]: SpringBootEksApplicationTests does not declare any static, non-private, non-final, nested classes annotated with @Configuration.
16:21:44.512 [main] INFO org.springframework.boot.test.context.SpringBootTestContextBootstrapper -- Found @SpringBootConfiguration com.javatechie.SpringBootEksApplication for test class com.javatechie.SpringBootEksApplicationTests

  .   ____          _            __ _ _
 /\\ / ___'_ __ _ _(_)_ __  __ _ \ \ \ \
( ( )\___ | '_ | '_| | '_ \/ _` | \ \ \ \
 \\/  ___)| |_)| | | | | || (_| |  ) ) ) )
  '  |____| .__|_| |_|_| |_\__, | / / / /
 =========|_|==============|___/=/_/_/_/
 :: Spring Boot ::                (v3.2.0)

2025-02-05T16:21:44.816-05:00  INFO 13184 --- [           main] c.j.SpringBootEksApplicationTests        : Starting SpringBootEksApplicationTests using Java 17.0.12 with PID 13184 (started by JPOMM in E:\Pruebas-UTEC-CURSO-EKS\TrabajoFinalUTEC\utec_proyectos_geo_ghactions)
2025-02-05T16:21:44.817-05:00  INFO 13184 --- [           main] c.j.SpringBootEksApplicationTests        : No active profile set, falling back to 1 default profile: "default"
2025-02-05T16:21:45.722-05:00  INFO 13184 --- [           main] c.j.SpringBootEksApplicationTests        : Started SpringBootEksApplicationTests in 1.086 seconds (process running for 1.829)
]]></system-out>
  </testcase>
</testsuite>