<?xml version="1.0" encoding="UTF-8"?>
<testsuite xmlns:xsi="http://www.w3.org/2001/XMLSchema-instance" xsi:noNamespaceSchemaLocation="https://maven.apache.org/surefire/maven-surefire-plugin/xsd/surefire-test-report-3.0.xsd" version="3.0" name="com.proyectos.kpi.geografia.SpringBootEksApplicationTests" time="5.854" tests="1" errors="0" skipped="0" failures="0">
  <properties>
[...]
</properties>
  <testcase name="contextLoads" classname="com.proyectos.kpi.geografia.SpringBootEksApplicationTests" time="0.584">
    <system-out><![CDATA[12:45:17.799 [main] INFO org.springframework.test.context.support.AnnotationConfigContextLoaderUtils -- Could not detect default configuration classes for test class [com.proyectos.kpi.geografia.SpringBootEksApplicationTests]: SpringBootEksApplicationTests does not declare any static, non-private, non-final, nested classes annotated with @Configuration.
12:45:17.907 [main] INFO org.springframework.boot.test.context.SpringBootTestContextBootstrapper -- Found @SpringBootConfiguration com.proyectos.kpi.geografia.SpringBootEksApplication for test class com.proyectos.kpi.geografia.SpringBootEksApplicationTests

  .   ____          _            __ _ _
 /\\ / ___'_ __ _ _(_)_ __  __ _ \ \ \ \
( ( )\___ | '_ | '_| | '_ \/ _` | \ \ \ \
 \\/  ___)| |_)| | | | | || (_| |  ) ) ) )
  '  |____| .__|_| |_|_| |_\__, | / / / /
 =========|_|==============|___/=/_/_/_/
 :: Spring Boot ::                (v3.2.0)

2025-02-07T12:45:18.289-05:00  INFO 20156 --- [utec_proyectos_geo_ghactions] [           main] c.p.k.g.SpringBootEksApplicationTests    : Starting SpringBootEksApplicationTests using Java 17.0.10 with PID 20156 (started by JPOMM in E:\Pruebas-UTEC-CURSO-EKS\TrabajoFinalUTEC\utec_proyectos_geo_ghactions)
2025-02-07T12:45:18.290-05:00  INFO 20156 --- [utec_proyectos_geo_ghactions] [           main] c.p.k.g.SpringBootEksApplicationTests    : No active profile set, falling back to 1 default profile: "default"
2025-02-07T12:45:18.783-05:00  INFO 20156 --- [utec_proyectos_geo_ghactions] [           main] .s.d.r.c.RepositoryConfigurationDelegate : Multiple Spring Data modules found, entering strict repository configuration mode
2025-02-07T12:45:18.784-05:00  INFO 20156 --- [utec_proyectos_geo_ghactions] [           main] .s.d.r.c.RepositoryConfigurationDelegate : Bootstrapping Spring Data JPA repositories in DEFAULT mode.
2025-02-07T12:45:18.799-05:00  INFO 20156 --- [utec_proyectos_geo_ghactions] [           main] .s.d.r.c.RepositoryConfigurationDelegate : Finished Spring Data repository scanning in 6 ms. Found 0 JPA repository interfaces.
2025-02-07T12:45:18.992-05:00  INFO 20156 --- [utec_proyectos_geo_ghactions] [           main] .s.d.r.c.RepositoryConfigurationDelegate : Multiple Spring Data modules found, entering strict repository configuration mode
2025-02-07T12:45:18.992-05:00  INFO 20156 --- [utec_proyectos_geo_ghactions] [           main] .s.d.r.c.RepositoryConfigurationDelegate : Bootstrapping Spring Data JDBC repositories in DEFAULT mode.
2025-02-07T12:45:19.004-05:00  INFO 20156 --- [utec_proyectos_geo_ghactions] [           main] .s.d.r.c.RepositoryConfigurationDelegate : Finished Spring Data repository scanning in 11 ms. Found 0 JDBC repository interfaces.
2025-02-07T12:45:19.599-05:00  INFO 20156 --- [utec_proyectos_geo_ghactions] [           main] o.hibernate.jpa.internal.util.LogHelper  : HHH000204: Processing PersistenceUnitInfo [name: default]
2025-02-07T12:45:19.663-05:00  INFO 20156 --- [utec_proyectos_geo_ghactions] [           main] org.hibernate.Version                    : HHH000412: Hibernate ORM core version 6.3.1.Final
2025-02-07T12:45:19.708-05:00  INFO 20156 --- [utec_proyectos_geo_ghactions] [           main] o.h.c.internal.RegionFactoryInitiator    : HHH000026: Second-level cache disabled
2025-02-07T12:45:20.017-05:00  INFO 20156 --- [utec_proyectos_geo_ghactions] [           main] o.s.o.j.p.SpringPersistenceUnitInfo      : No LoadTimeWeaver setup: ignoring JPA class transformer
2025-02-07T12:45:20.054-05:00  WARN 20156 --- [utec_proyectos_geo_ghactions] [           main] org.hibernate.orm.deprecation            : HHH90000025: SQLServer2012Dialect does not need to be specified explicitly using 'hibernate.dialect' (remove the property setting and it will be selected by default)
2025-02-07T12:45:20.056-05:00  WARN 20156 --- [utec_proyectos_geo_ghactions] [           main] org.hibernate.orm.deprecation            : HHH90000026: SQLServer2012Dialect has been deprecated; use org.hibernate.dialect.SQLServerDialect instead
2025-02-07T12:45:20.507-05:00  INFO 20156 --- [utec_proyectos_geo_ghactions] [           main] o.h.e.t.j.p.i.JtaPlatformInitiator       : HHH000489: No JTA platform available (set 'hibernate.transaction.jta.platform' to enable JTA platform integration)
2025-02-07T12:45:20.514-05:00  INFO 20156 --- [utec_proyectos_geo_ghactions] [           main] j.LocalContainerEntityManagerFactoryBean : Initialized JPA EntityManagerFactory for persistence unit 'default'
2025-02-07T12:45:20.975-05:00  WARN 20156 --- [utec_proyectos_geo_ghactions] [           main] JpaBaseConfiguration$JpaWebConfiguration : spring.jpa.open-in-view is enabled by default. Therefore, database queries may be performed during view rendering. Explicitly configure spring.jpa.open-in-view to disable this warning
2025-02-07T12:45:21.585-05:00  INFO 20156 --- [utec_proyectos_geo_ghactions] [           main] com.zaxxer.hikari.HikariDataSource       : HikariPool-1 - Starting...
2025-02-07T12:45:22.672-05:00  INFO 20156 --- [utec_proyectos_geo_ghactions] [           main] com.zaxxer.hikari.pool.HikariPool        : HikariPool-1 - Added connection ConnectionID:1 ClientConnectionId: b77ef661-7cdc-4745-a98f-50ed49c5acaa
2025-02-07T12:45:22.673-05:00  INFO 20156 --- [utec_proyectos_geo_ghactions] [           main] com.zaxxer.hikari.HikariDataSource       : HikariPool-1 - Start completed.
2025-02-07T12:45:22.720-05:00  WARN 20156 --- [utec_proyectos_geo_ghactions] [           main] o.s.data.convert.CustomConversions       : Registering converter from class microsoft.sql.DateTimeOffset to class java.time.OffsetDateTime as reading converter although it doesn't convert from a store-supported type; You might want to check your annotation setup at the converter implementation
2025-02-07T12:45:22.877-05:00  INFO 20156 --- [utec_proyectos_geo_ghactions] [           main] c.p.k.g.SpringBootEksApplicationTests    : Started SpringBootEksApplicationTests in 4.821 seconds (process running for 5.705)
]]></system-out>
  </testcase>
</testsuite>